<?xml version="1.0" encoding="UTF-8"?>
<coverage generated="1680476459134" clover="3.2.0">
  <project timestamp="1680476459135" name="All files">
    <metrics statements="124" coveredstatements="107" conditionals="28" coveredconditionals="22" methods="43" coveredmethods="30" elements="195" coveredelements="159" complexity="0" loc="124" ncloc="124" packages="6" files="11" classes="11"/>
    <package name="src">
      <metrics statements="9" coveredstatements="9" conditionals="6" coveredconditionals="6" methods="3" coveredmethods="3"/>
      <file name="types.ts" path="C:\Users\Veronica Rubim\Desktop\Labeddit-Backend\src\types.ts">
        <metrics statements="9" coveredstatements="9" conditionals="6" coveredconditionals="6" methods="3" coveredmethods="3"/>
        <line num="1" count="2" type="cond" truecount="2" falsecount="0"/>
        <line num="2" count="2" type="stmt"/>
        <line num="3" count="2" type="stmt"/>
        <line num="68" count="2" type="cond" truecount="2" falsecount="0"/>
        <line num="69" count="2" type="stmt"/>
        <line num="70" count="2" type="stmt"/>
        <line num="73" count="2" type="cond" truecount="2" falsecount="0"/>
        <line num="74" count="2" type="stmt"/>
        <line num="75" count="2" type="stmt"/>
      </file>
    </package>
    <package name="src.business">
      <metrics statements="46" coveredstatements="46" conditionals="7" coveredconditionals="7" methods="5" coveredmethods="5"/>
      <file name="UserBusiness.ts" path="C:\Users\Veronica Rubim\Desktop\Labeddit-Backend\src\business\UserBusiness.ts">
        <metrics statements="46" coveredstatements="46" conditionals="7" coveredconditionals="7" methods="5" coveredmethods="5"/>
        <line num="3" count="2" type="stmt"/>
        <line num="4" count="2" type="stmt"/>
        <line num="5" count="2" type="stmt"/>
        <line num="9" count="2" type="stmt"/>
        <line num="11" count="2" type="stmt"/>
        <line num="13" count="2" type="stmt"/>
        <line num="14" count="2" type="stmt"/>
        <line num="15" count="2" type="stmt"/>
        <line num="16" count="2" type="stmt"/>
        <line num="19" count="4" type="stmt"/>
        <line num="20" count="4" type="stmt"/>
        <line num="22" count="4" type="cond" truecount="1" falsecount="0"/>
        <line num="23" count="1" type="stmt"/>
        <line num="26" count="3" type="cond" truecount="1" falsecount="0"/>
        <line num="27" count="1" type="stmt"/>
        <line num="30" count="2" type="cond" truecount="1" falsecount="0"/>
        <line num="31" count="1" type="stmt"/>
        <line num="34" count="1" type="stmt"/>
        <line num="35" count="1" type="stmt"/>
        <line num="36" count="1" type="stmt"/>
        <line num="37" count="1" type="stmt"/>
        <line num="39" count="1" type="stmt"/>
        <line num="48" count="1" type="stmt"/>
        <line num="49" count="1" type="stmt"/>
        <line num="51" count="1" type="stmt"/>
        <line num="57" count="1" type="stmt"/>
        <line num="59" count="1" type="stmt"/>
        <line num="63" count="1" type="stmt"/>
        <line num="66" count="6" type="stmt"/>
        <line num="67" count="6" type="stmt"/>
        <line num="69" count="6" type="cond" truecount="1" falsecount="0"/>
        <line num="70" count="1" type="stmt"/>
        <line num="73" count="5" type="cond" truecount="1" falsecount="0"/>
        <line num="74" count="1" type="stmt"/>
        <line num="78" count="4" type="stmt"/>
        <line num="80" count="4" type="cond" truecount="1" falsecount="0"/>
        <line num="81" count="1" type="stmt"/>
        <line num="84" count="3" type="stmt"/>
        <line num="95" count="3" type="stmt"/>
        <line num="97" count="3" type="stmt"/>
        <line num="100" count="3" type="cond" truecount="1" falsecount="0"/>
        <line num="101" count="1" type="stmt"/>
        <line num="104" count="2" type="stmt"/>
        <line num="110" count="2" type="stmt"/>
        <line num="112" count="2" type="stmt"/>
        <line num="116" count="2" type="stmt"/>
      </file>
    </package>
    <package name="src.database">
      <metrics statements="4" coveredstatements="3" conditionals="0" coveredconditionals="0" methods="1" coveredmethods="0"/>
      <file name="BaseDatabase.ts" path="C:\Users\Veronica Rubim\Desktop\Labeddit-Backend\src\database\BaseDatabase.ts">
        <metrics statements="4" coveredstatements="3" conditionals="0" coveredconditionals="0" methods="1" coveredmethods="0"/>
        <line num="1" count="2" type="stmt"/>
        <line num="2" count="2" type="stmt"/>
        <line num="3" count="2" type="stmt"/>
        <line num="13" count="0" type="stmt"/>
      </file>
    </package>
    <package name="src.errors">
      <metrics statements="9" coveredstatements="9" conditionals="2" coveredconditionals="0" methods="3" coveredmethods="3"/>
      <file name="BadRequestError.ts" path="C:\Users\Veronica Rubim\Desktop\Labeddit-Backend\src\errors\BadRequestError.ts">
        <metrics statements="3" coveredstatements="3" conditionals="1" coveredconditionals="0" methods="1" coveredmethods="1"/>
        <line num="1" count="2" type="stmt"/>
        <line num="3" count="2" type="stmt"/>
        <line num="7" count="6" type="stmt"/>
      </file>
      <file name="BaseError.ts" path="C:\Users\Veronica Rubim\Desktop\Labeddit-Backend\src\errors\BaseError.ts">
        <metrics statements="3" coveredstatements="3" conditionals="0" coveredconditionals="0" methods="1" coveredmethods="1"/>
        <line num="1" count="2" type="stmt"/>
        <line num="3" count="7" type="stmt"/>
        <line num="6" count="7" type="stmt"/>
      </file>
      <file name="NotFoundError.ts" path="C:\Users\Veronica Rubim\Desktop\Labeddit-Backend\src\errors\NotFoundError.ts">
        <metrics statements="3" coveredstatements="3" conditionals="1" coveredconditionals="0" methods="1" coveredmethods="1"/>
        <line num="1" count="2" type="stmt"/>
        <line num="3" count="2" type="stmt"/>
        <line num="7" count="1" type="stmt"/>
      </file>
    </package>
    <package name="src.models">
      <metrics statements="21" coveredstatements="12" conditionals="0" coveredconditionals="0" methods="15" coveredmethods="6"/>
      <file name="Users.ts" path="C:\Users\Veronica Rubim\Desktop\Labeddit-Backend\src\models\Users.ts">
        <metrics statements="21" coveredstatements="12" conditionals="0" coveredconditionals="0" methods="15" coveredmethods="6"/>
        <line num="3" count="2" type="stmt"/>
        <line num="5" count="4" type="stmt"/>
        <line num="6" count="4" type="stmt"/>
        <line num="7" count="4" type="stmt"/>
        <line num="8" count="4" type="stmt"/>
        <line num="9" count="4" type="stmt"/>
        <line num="10" count="4" type="stmt"/>
        <line num="14" count="3" type="stmt"/>
        <line num="18" count="0" type="stmt"/>
        <line num="22" count="3" type="stmt"/>
        <line num="26" count="0" type="stmt"/>
        <line num="30" count="0" type="stmt"/>
        <line num="34" count="0" type="stmt"/>
        <line num="38" count="3" type="stmt"/>
        <line num="42" count="0" type="stmt"/>
        <line num="46" count="3" type="stmt"/>
        <line num="50" count="0" type="stmt"/>
        <line num="54" count="0" type="stmt"/>
        <line num="58" count="0" type="stmt"/>
        <line num="62" count="1" type="stmt"/>
        <line num="73" count="0" type="stmt"/>
      </file>
    </package>
    <package name="tests.mocks">
      <metrics statements="35" coveredstatements="28" conditionals="13" coveredconditionals="9" methods="16" coveredmethods="13"/>
      <file name="HashManagerMock.ts" path="C:\Users\Veronica Rubim\Desktop\Labeddit-Backend\tests\mocks\HashManagerMock.ts">
        <metrics statements="9" coveredstatements="8" conditionals="4" coveredconditionals="4" methods="5" coveredmethods="5"/>
        <line num="1" count="2" type="stmt"/>
        <line num="2" count="2" type="stmt"/>
        <line num="3" count="1" type="cond" truecount="1" falsecount="0"/>
        <line num="4" count="1" type="stmt"/>
        <line num="6" count="0" type="stmt"/>
        <line num="9" count="3" type="stmt"/>
        <line num="10" count="3" type="cond" truecount="3" falsecount="0"/>
        <line num="11" count="2" type="stmt"/>
        <line num="13" count="1" type="stmt"/>
      </file>
      <file name="IdGeneratorMock.ts" path="C:\Users\Veronica Rubim\Desktop\Labeddit-Backend\tests\mocks\IdGeneratorMock.ts">
        <metrics statements="2" coveredstatements="2" conditionals="0" coveredconditionals="0" methods="1" coveredmethods="1"/>
        <line num="1" count="2" type="stmt"/>
        <line num="3" count="1" type="stmt"/>
      </file>
      <file name="TokenManagerMock.ts" path="C:\Users\Veronica Rubim\Desktop\Labeddit-Backend\tests\mocks\TokenManagerMock.ts">
        <metrics statements="12" coveredstatements="7" conditionals="6" coveredconditionals="2" methods="3" coveredmethods="2"/>
        <line num="1" count="2" type="stmt"/>
        <line num="3" count="2" type="stmt"/>
        <line num="5" count="2" type="stmt"/>
        <line num="6" count="3" type="cond" truecount="2" falsecount="0"/>
        <line num="7" count="2" type="stmt"/>
        <line num="9" count="1" type="stmt"/>
        <line num="13" count="2" type="stmt"/>
        <line num="14" count="0" type="cond" truecount="0" falsecount="2"/>
        <line num="15" count="0" type="stmt"/>
        <line num="21" count="0" type="cond" truecount="0" falsecount="2"/>
        <line num="22" count="0" type="stmt"/>
        <line num="29" count="0" type="stmt"/>
      </file>
      <file name="UserDatabaseMock.ts" path="C:\Users\Veronica Rubim\Desktop\Labeddit-Backend\tests\mocks\UserDatabaseMock.ts">
        <metrics statements="12" coveredstatements="11" conditionals="3" coveredconditionals="3" methods="7" coveredmethods="5"/>
        <line num="1" count="2" type="stmt"/>
        <line num="2" count="2" type="stmt"/>
        <line num="4" count="2" type="stmt"/>
        <line num="5" count="2" type="stmt"/>
        <line num="7" count="2" type="stmt"/>
        <line num="11" count="4" type="stmt"/>
        <line num="12" count="4" type="cond" truecount="3" falsecount="0"/>
        <line num="14" count="2" type="stmt"/>
        <line num="23" count="1" type="stmt"/>
        <line num="32" count="1" type="stmt"/>
        <line num="36" count="2" type="stmt"/>
        <line num="37" count="0" type="stmt"/>
      </file>
    </package>
  </project>
</coverage>
