TN:
SF:src\types.ts
FN:1,(anonymous_0)
FN:68,(anonymous_1)
FN:73,(anonymous_2)
FNF:3
FNH:3
FNDA:2,(anonymous_0)
FNDA:2,(anonymous_1)
FNDA:2,(anonymous_2)
DA:1,2
DA:2,2
DA:3,2
DA:68,2
DA:69,2
DA:70,2
DA:73,2
DA:74,2
DA:75,2
LF:9
LH:9
BRDA:1,0,0,2
BRDA:1,0,1,2
BRDA:68,1,0,2
BRDA:68,1,1,2
BRDA:73,2,0,2
BRDA:73,2,1,2
BRF:6
BRH:6
end_of_record
TN:
SF:src\business\UserBusiness.ts
FN:12,(anonymous_7)
FN:19,(anonymous_8)
FN:19,(anonymous_9)
FN:66,(anonymous_10)
FN:66,(anonymous_11)
FNF:5
FNH:5
FNDA:2,(anonymous_7)
FNDA:4,(anonymous_8)
FNDA:4,(anonymous_9)
FNDA:6,(anonymous_10)
FNDA:6,(anonymous_11)
DA:3,2
DA:4,2
DA:5,2
DA:9,2
DA:11,2
DA:13,2
DA:14,2
DA:15,2
DA:16,2
DA:19,4
DA:20,4
DA:22,4
DA:23,1
DA:26,3
DA:27,1
DA:30,2
DA:31,1
DA:34,1
DA:35,1
DA:36,1
DA:37,1
DA:39,1
DA:48,1
DA:49,1
DA:51,1
DA:57,1
DA:59,1
DA:63,1
DA:66,6
DA:67,6
DA:69,6
DA:70,1
DA:73,5
DA:74,1
DA:78,4
DA:80,4
DA:81,1
DA:84,3
DA:95,3
DA:97,3
DA:100,3
DA:101,1
DA:104,2
DA:110,2
DA:112,2
DA:116,2
LF:46
LH:46
BRDA:22,0,0,1
BRDA:26,1,0,1
BRDA:30,2,0,1
BRDA:69,3,0,1
BRDA:73,4,0,1
BRDA:80,5,0,1
BRDA:100,6,0,1
BRF:7
BRH:7
end_of_record
TN:
SF:src\database\BaseDatabase.ts
FN:12,(anonymous_1)
FNF:1
FNH:0
FNDA:0,(anonymous_1)
DA:1,2
DA:2,2
DA:3,2
DA:13,0
LF:4
LH:3
BRF:0
BRH:0
end_of_record
TN:
SF:src\errors\BadRequestError.ts
FN:4,(anonymous_0)
FNF:1
FNH:1
FNDA:6,(anonymous_0)
DA:1,2
DA:3,2
DA:7,6
LF:3
LH:3
BRDA:5,0,0,0
BRF:1
BRH:0
end_of_record
TN:
SF:src\errors\BaseError.ts
FN:2,(anonymous_0)
FNF:1
FNH:1
FNDA:7,(anonymous_0)
DA:1,2
DA:3,7
DA:6,7
LF:3
LH:3
BRF:0
BRH:0
end_of_record
TN:
SF:src\errors\NotFoundError.ts
FN:4,(anonymous_0)
FNF:1
FNH:1
FNDA:1,(anonymous_0)
DA:1,2
DA:3,2
DA:7,1
LF:3
LH:3
BRDA:5,0,0,0
BRF:1
BRH:0
end_of_record
TN:
SF:src\models\Users.ts
FN:4,(anonymous_0)
FN:13,(anonymous_1)
FN:17,(anonymous_2)
FN:21,(anonymous_3)
FN:25,(anonymous_4)
FN:29,(anonymous_5)
FN:33,(anonymous_6)
FN:37,(anonymous_7)
FN:41,(anonymous_8)
FN:45,(anonymous_9)
FN:49,(anonymous_10)
FN:53,(anonymous_11)
FN:57,(anonymous_12)
FN:61,(anonymous_13)
FN:72,(anonymous_14)
FNF:15
FNH:6
FNDA:4,(anonymous_0)
FNDA:3,(anonymous_1)
FNDA:0,(anonymous_2)
FNDA:3,(anonymous_3)
FNDA:0,(anonymous_4)
FNDA:0,(anonymous_5)
FNDA:0,(anonymous_6)
FNDA:3,(anonymous_7)
FNDA:0,(anonymous_8)
FNDA:3,(anonymous_9)
FNDA:0,(anonymous_10)
FNDA:0,(anonymous_11)
FNDA:0,(anonymous_12)
FNDA:1,(anonymous_13)
FNDA:0,(anonymous_14)
DA:3,2
DA:5,4
DA:6,4
DA:7,4
DA:8,4
DA:9,4
DA:10,4
DA:14,3
DA:18,0
DA:22,3
DA:26,0
DA:30,0
DA:34,0
DA:38,3
DA:42,0
DA:46,3
DA:50,0
DA:54,0
DA:58,0
DA:62,1
DA:73,0
LF:21
LH:12
BRF:0
BRH:0
end_of_record
TN:
SF:tests\mocks\HashManagerMock.ts
FN:1,(anonymous_7)
FN:2,(anonymous_8)
FN:2,(anonymous_9)
FN:9,(anonymous_10)
FN:9,(anonymous_11)
FNF:5
FNH:5
FNDA:2,(anonymous_7)
FNDA:1,(anonymous_8)
FNDA:1,(anonymous_9)
FNDA:3,(anonymous_10)
FNDA:3,(anonymous_11)
DA:1,2
DA:2,2
DA:3,1
DA:4,1
DA:6,0
DA:9,3
DA:10,3
DA:11,2
DA:13,1
LF:9
LH:8
BRDA:3,0,0,1
BRDA:10,1,0,2
BRDA:10,2,0,3
BRDA:10,2,1,2
BRF:4
BRH:4
end_of_record
TN:
SF:tests\mocks\IdGeneratorMock.ts
FN:2,(anonymous_0)
FNF:1
FNH:1
FNDA:1,(anonymous_0)
DA:1,2
DA:3,1
LF:2
LH:2
BRF:0
BRH:0
end_of_record
TN:
SF:tests\mocks\TokenManagerMock.ts
FN:3,(anonymous_0)
FN:5,(anonymous_1)
FN:13,(anonymous_2)
FNF:3
FNH:2
FNDA:2,(anonymous_0)
FNDA:3,(anonymous_1)
FNDA:0,(anonymous_2)
DA:1,2
DA:3,2
DA:5,2
DA:6,3
DA:7,2
DA:9,1
DA:13,2
DA:14,0
DA:15,0
DA:21,0
DA:22,0
DA:29,0
LF:12
LH:7
BRDA:6,0,0,2
BRDA:6,0,1,1
BRDA:14,1,0,0
BRDA:14,1,1,0
BRDA:21,2,0,0
BRDA:21,2,1,0
BRF:6
BRH:2
end_of_record
TN:
SF:tests\mocks\UserDatabaseMock.ts
FN:4,(anonymous_7)
FN:7,(anonymous_8)
FN:7,(anonymous_9)
FN:11,(anonymous_10)
FN:11,(anonymous_11)
FN:36,(anonymous_12)
FN:36,(anonymous_13)
FNF:7
FNH:5
FNDA:2,(anonymous_7)
FNDA:1,(anonymous_8)
FNDA:1,(anonymous_9)
FNDA:4,(anonymous_10)
FNDA:4,(anonymous_11)
FNDA:0,(anonymous_12)
FNDA:0,(anonymous_13)
DA:1,2
DA:2,2
DA:4,2
DA:5,2
DA:7,2
DA:11,4
DA:12,4
DA:14,2
DA:23,1
DA:32,1
DA:36,2
DA:37,0
LF:12
LH:11
BRDA:12,0,0,2
BRDA:12,0,1,1
BRDA:12,0,2,1
BRF:3
BRH:3
end_of_record
